2018-07-15 22:33:11.278  INFO 10984 --- [main] c.e.adminserver.AdminserverApplication   : The following profiles are active: pro
2018-07-15 22:33:11.292  INFO 10984 --- [main] ConfigServletWebServerApplicationContext : Refreshing org.springframework.boot.web.servlet.context.AnnotationConfigServletWebServerApplicationContext@a7f0ab6: startup date [Sun Jul 15 22:33:11 CST 2018]; parent: org.springframework.context.annotation.AnnotationConfigApplicationContext@3ebff828
2018-07-15 22:33:12.281  INFO 10984 --- [main] o.s.cloud.context.scope.GenericScope     : BeanFactory id=1137f489-a76d-33e5-8b29-f45d48f5820a
2018-07-15 22:33:12.298  INFO 10984 --- [main] f.a.AutowiredAnnotationBeanPostProcessor : JSR-330 'javax.inject.Inject' annotation found and supported for autowiring
2018-07-15 22:33:12.408  INFO 10984 --- [main] trationDelegate$BeanPostProcessorChecker : Bean 'org.springframework.cloud.autoconfigure.ConfigurationPropertiesRebinderAutoConfiguration' of type [org.springframework.cloud.autoconfigure.ConfigurationPropertiesRebinderAutoConfiguration$$EnhancerBySpringCGLIB$$41197579] is not eligible for getting processed by all BeanPostProcessors (for example: not eligible for auto-proxying)
2018-07-15 22:33:12.769  INFO 10984 --- [main] o.s.b.w.embedded.tomcat.TomcatWebServer  : Tomcat initialized with port(s): 8884 (http)
2018-07-15 22:33:12.791  INFO 10984 --- [main] o.apache.catalina.core.StandardService   : Starting service [Tomcat]
2018-07-15 22:33:12.791  INFO 10984 --- [main] org.apache.catalina.core.StandardEngine  : Starting Servlet Engine: Apache Tomcat/8.5.31
2018-07-15 22:33:12.797  INFO 10984 --- [localhost-startStop-1] o.a.catalina.core.AprLifecycleListener   : The APR based Apache Tomcat Native library which allows optimal performance in production environments was not found on the java.library.path: [C:\Program Files\Java\jdk1.8.0_161\bin;C:\Windows\Sun\Java\bin;C:\Windows\system32;C:\Windows;C:\Windows\system32;C:\Windows;C:\Windows\System32\Wbem;C:\Windows\System32\WindowsPowerShell\v1.0\;C:\Program Files\Java\jdk1.8.0_161\bin;C:\Program Files\Java\jdk1.8.0_161\jre\bin;C:\Program Files\Git\cmd;D:\apache-maven-3.5.3\bin;C:\Program Files\erl10.0.1\bin;C:\Program Files\MySQL\MySQL Server 8.0\bin;C:\Users\Administrator\AppData\Local\Microsoft\WindowsApps;;.]
2018-07-15 22:33:12.939  INFO 10984 --- [localhost-startStop-1] o.a.c.c.C.[Tomcat].[localhost].[/]       : Initializing Spring embedded WebApplicationContext
2018-07-15 22:33:12.939  INFO 10984 --- [localhost-startStop-1] o.s.web.context.ContextLoader            : Root WebApplicationContext: initialization completed in 1647 ms
2018-07-15 22:33:13.244  WARN 10984 --- [localhost-startStop-1] c.n.c.sources.URLConfigurationSource     : No URLs will be polled as dynamic configuration sources.
2018-07-15 22:33:13.245  INFO 10984 --- [localhost-startStop-1] c.n.c.sources.URLConfigurationSource     : To enable URLs as dynamic configuration sources, define System property archaius.configurationSource.additionalUrls or make config.properties available on classpath.
2018-07-15 22:33:13.255  INFO 10984 --- [localhost-startStop-1] c.netflix.config.DynamicPropertyFactory  : DynamicPropertyFactory is initialized with configuration sources: com.netflix.config.ConcurrentCompositeConfiguration@65e679a4
2018-07-15 22:33:14.215  INFO 10984 --- [localhost-startStop-1] o.s.b.w.servlet.FilterRegistrationBean   : Mapping filter: 'characterEncodingFilter' to: [/*]
2018-07-15 22:33:14.216  INFO 10984 --- [localhost-startStop-1] o.s.b.w.servlet.FilterRegistrationBean   : Mapping filter: 'hiddenHttpMethodFilter' to: [/*]
2018-07-15 22:33:14.216  INFO 10984 --- [localhost-startStop-1] o.s.b.w.servlet.FilterRegistrationBean   : Mapping filter: 'httpPutFormContentFilter' to: [/*]
2018-07-15 22:33:14.216  INFO 10984 --- [localhost-startStop-1] o.s.b.w.servlet.FilterRegistrationBean   : Mapping filter: 'requestContextFilter' to: [/*]
2018-07-15 22:33:14.217  INFO 10984 --- [localhost-startStop-1] .s.DelegatingFilterProxyRegistrationBean : Mapping filter: 'springSecurityFilterChain' to: [/*]
2018-07-15 22:33:14.217  INFO 10984 --- [localhost-startStop-1] o.s.b.w.servlet.FilterRegistrationBean   : Mapping filter: 'httpTraceFilter' to: [/*]
2018-07-15 22:33:14.217  INFO 10984 --- [localhost-startStop-1] o.s.b.w.servlet.FilterRegistrationBean   : Mapping filter: 'webMvcMetricsFilter' to: [/*]
2018-07-15 22:33:14.217  INFO 10984 --- [localhost-startStop-1] o.s.b.w.servlet.ServletRegistrationBean  : Servlet dispatcherServlet mapped to [/]
2018-07-15 22:33:14.279  WARN 10984 --- [main] c.n.c.sources.URLConfigurationSource     : No URLs will be polled as dynamic configuration sources.
2018-07-15 22:33:14.280  INFO 10984 --- [main] c.n.c.sources.URLConfigurationSource     : To enable URLs as dynamic configuration sources, define System property archaius.configurationSource.additionalUrls or make config.properties available on classpath.
2018-07-15 22:33:14.488  INFO 10984 --- [main] o.s.w.s.handler.SimpleUrlHandlerMapping  : Mapped URL path [/**/favicon.ico] onto handler of type [class org.springframework.web.servlet.resource.ResourceHttpRequestHandler]
2018-07-15 22:33:14.663  INFO 10984 --- [main] s.w.s.m.m.a.RequestMappingHandlerAdapter : Looking for @ControllerAdvice: org.springframework.boot.web.servlet.context.AnnotationConfigServletWebServerApplicationContext@a7f0ab6: startup date [Sun Jul 15 22:33:11 CST 2018]; parent: org.springframework.context.annotation.AnnotationConfigApplicationContext@3ebff828
2018-07-15 22:33:14.733  INFO 10984 --- [main] s.w.s.m.m.a.RequestMappingHandlerMapping : Mapped "{[/error]}" onto public org.springframework.http.ResponseEntity<java.util.Map<java.lang.String, java.lang.Object>> org.springframework.boot.autoconfigure.web.servlet.error.BasicErrorController.error(javax.servlet.http.HttpServletRequest)
2018-07-15 22:33:14.734  INFO 10984 --- [main] s.w.s.m.m.a.RequestMappingHandlerMapping : Mapped "{[/error],produces=[text/html]}" onto public org.springframework.web.servlet.ModelAndView org.springframework.boot.autoconfigure.web.servlet.error.BasicErrorController.errorHtml(javax.servlet.http.HttpServletRequest,javax.servlet.http.HttpServletResponse)
2018-07-15 22:33:14.767  INFO 10984 --- [main] o.s.w.s.handler.SimpleUrlHandlerMapping  : Mapped URL path [/webjars/**] onto handler of type [class org.springframework.web.servlet.resource.ResourceHttpRequestHandler]
2018-07-15 22:33:14.767  INFO 10984 --- [main] o.s.w.s.handler.SimpleUrlHandlerMapping  : Mapped URL path [/**] onto handler of type [class org.springframework.web.servlet.resource.ResourceHttpRequestHandler]
2018-07-15 22:33:15.466  INFO 10984 --- [main] .b.a.s.w.s.AdminControllerHandlerMapping : Mapped "{[/instances/{instanceId}/actuator/**],methods=[GET || HEAD || POST || PUT || PATCH || DELETE || OPTIONS]}" onto public reactor.core.publisher.Mono<java.lang.Void> de.codecentric.boot.admin.server.web.servlet.InstancesProxyController.endpointProxy(java.lang.String,javax.servlet.http.HttpServletRequest,javax.servlet.http.HttpServletResponse) throws java.io.IOException
2018-07-15 22:33:15.474  INFO 10984 --- [main] .b.a.s.w.s.AdminControllerHandlerMapping : Mapped "{[/instances],methods=[POST],consumes=[application/json]}" onto public reactor.core.publisher.Mono<org.springframework.http.ResponseEntity<java.util.Map<java.lang.String, de.codecentric.boot.admin.server.domain.values.InstanceId>>> de.codecentric.boot.admin.server.web.InstancesController.register(de.codecentric.boot.admin.server.domain.values.Registration,org.springframework.web.util.UriComponentsBuilder)
2018-07-15 22:33:15.474  INFO 10984 --- [main] .b.a.s.w.s.AdminControllerHandlerMapping : Mapped "{[/instances/{id}],methods=[GET],produces=[application/json]}" onto public reactor.core.publisher.Mono<org.springframework.http.ResponseEntity<de.codecentric.boot.admin.server.domain.entities.Instance>> de.codecentric.boot.admin.server.web.InstancesController.instance(java.lang.String)
2018-07-15 22:33:15.475  INFO 10984 --- [main] .b.a.s.w.s.AdminControllerHandlerMapping : Mapped "{[/instances/{id}],methods=[DELETE]}" onto public reactor.core.publisher.Mono<org.springframework.http.ResponseEntity<java.lang.Void>> de.codecentric.boot.admin.server.web.InstancesController.unregister(java.lang.String)
2018-07-15 22:33:15.475  INFO 10984 --- [main] .b.a.s.w.s.AdminControllerHandlerMapping : Mapped "{[/instances],methods=[GET],produces=[application/json]}" onto public reactor.core.publisher.Flux<de.codecentric.boot.admin.server.domain.entities.Instance> de.codecentric.boot.admin.server.web.InstancesController.instances(java.lang.String)
2018-07-15 22:33:15.475  INFO 10984 --- [main] .b.a.s.w.s.AdminControllerHandlerMapping : Mapped "{[/instances/events],methods=[GET],produces=[application/json]}" onto public reactor.core.publisher.Flux<de.codecentric.boot.admin.server.domain.events.InstanceEvent> de.codecentric.boot.admin.server.web.InstancesController.events()
2018-07-15 22:33:15.475  INFO 10984 --- [main] .b.a.s.w.s.AdminControllerHandlerMapping : Mapped "{[/instances/events],methods=[GET],produces=[text/event-stream]}" onto public reactor.core.publisher.Flux<org.springframework.http.codec.ServerSentEvent<de.codecentric.boot.admin.server.domain.events.InstanceEvent>> de.codecentric.boot.admin.server.web.InstancesController.eventStream()
2018-07-15 22:33:15.476  INFO 10984 --- [main] .b.a.s.w.s.AdminControllerHandlerMapping : Mapped "{[/instances/{id}],methods=[GET],produces=[text/event-stream]}" onto public reactor.core.publisher.Flux<org.springframework.http.codec.ServerSentEvent<de.codecentric.boot.admin.server.domain.entities.Instance>> de.codecentric.boot.admin.server.web.InstancesController.instanceStream(java.lang.String)
2018-07-15 22:33:15.478  INFO 10984 --- [main] .b.a.s.w.s.AdminControllerHandlerMapping : Mapped "{[/applications/{name}],methods=[DELETE]}" onto public reactor.core.publisher.Mono<org.springframework.http.ResponseEntity<java.lang.Void>> de.codecentric.boot.admin.server.web.ApplicationsController.unregister(java.lang.String)
2018-07-15 22:33:15.478  INFO 10984 --- [main] .b.a.s.w.s.AdminControllerHandlerMapping : Mapped "{[/applications],methods=[GET],produces=[text/event-stream]}" onto public reactor.core.publisher.Flux<org.springframework.http.codec.ServerSentEvent<de.codecentric.boot.admin.server.web.ApplicationsController$Application>> de.codecentric.boot.admin.server.web.ApplicationsController.applicationsStream()
2018-07-15 22:33:15.478  INFO 10984 --- [main] .b.a.s.w.s.AdminControllerHandlerMapping : Mapped "{[/applications],methods=[GET],produces=[application/json]}" onto public reactor.core.publisher.Flux<de.codecentric.boot.admin.server.web.ApplicationsController$Application> de.codecentric.boot.admin.server.web.ApplicationsController.applications()
2018-07-15 22:33:15.481  INFO 10984 --- [main] .b.a.s.w.s.AdminControllerHandlerMapping : Mapped "{[/],methods=[GET],produces=[text/html]}" onto public java.lang.String de.codecentric.boot.admin.server.ui.web.UiController.index()
2018-07-15 22:33:15.482  INFO 10984 --- [main] .b.a.s.w.s.AdminControllerHandlerMapping : Mapped "{[/login],methods=[GET],produces=[text/html]}" onto public java.lang.String de.codecentric.boot.admin.server.ui.web.UiController.login()
2018-07-15 22:33:16.089  INFO 10984 --- [main] o.s.ui.freemarker.SpringTemplateLoader   : SpringTemplateLoader for FreeMarker: using resource loader [org.springframework.boot.web.servlet.context.AnnotationConfigServletWebServerApplicationContext@a7f0ab6: startup date [Sun Jul 15 22:33:11 CST 2018]; parent: org.springframework.context.annotation.AnnotationConfigApplicationContext@3ebff828] and template loader path [classpath:/templates/]
2018-07-15 22:33:16.090  INFO 10984 --- [main] o.s.w.s.v.f.FreeMarkerConfigurer         : ClassTemplateLoader for Spring macros added to FreeMarker configuration
2018-07-15 22:33:16.240  INFO 10984 --- [main] .s.s.UserDetailsServiceAutoConfiguration : 

Using generated security password: c175fd6e-5b9d-47fd-9a30-db5be731a47a

2018-07-15 22:33:16.481  INFO 10984 --- [main] o.s.s.web.DefaultSecurityFilterChain     : Creating filter chain: org.springframework.security.web.util.matcher.AnyRequestMatcher@1, [org.springframework.security.web.context.request.async.WebAsyncManagerIntegrationFilter@72f35a31, org.springframework.security.web.context.SecurityContextPersistenceFilter@1fc3df43, org.springframework.security.web.header.HeaderWriterFilter@43fe2008, org.springframework.security.web.csrf.CsrfFilter@6b0325d0, org.springframework.security.web.authentication.logout.LogoutFilter@99c3cee, org.springframework.security.web.authentication.UsernamePasswordAuthenticationFilter@775c4054, org.springframework.security.web.authentication.ui.DefaultLoginPageGeneratingFilter@2fdf7da2, org.springframework.security.web.authentication.www.BasicAuthenticationFilter@6bc25ac2, org.springframework.security.web.savedrequest.RequestCacheAwareFilter@5e7cd0df, org.springframework.security.web.servletapi.SecurityContextHolderAwareRequestFilter@70592729, org.springframework.security.web.authentication.AnonymousAuthenticationFilter@3b01897f, org.springframework.security.web.session.SessionManagementFilter@6a543e09, org.springframework.security.web.access.ExceptionTranslationFilter@1dd44289, org.springframework.security.web.access.intercept.FilterSecurityInterceptor@2e4d4d22]
2018-07-15 22:33:16.633  INFO 10984 --- [main] o.s.b.a.e.web.EndpointLinksResolver      : Exposing 2 endpoint(s) beneath base path '/actuator'
2018-07-15 22:33:16.648  INFO 10984 --- [main] s.b.a.e.w.s.WebMvcEndpointHandlerMapping : Mapped "{[/actuator/health],methods=[GET],produces=[application/vnd.spring-boot.actuator.v2+json || application/json]}" onto public java.lang.Object org.springframework.boot.actuate.endpoint.web.servlet.AbstractWebMvcEndpointHandlerMapping$OperationHandler.handle(javax.servlet.http.HttpServletRequest,java.util.Map<java.lang.String, java.lang.String>)
2018-07-15 22:33:16.649  INFO 10984 --- [main] s.b.a.e.w.s.WebMvcEndpointHandlerMapping : Mapped "{[/actuator/info],methods=[GET],produces=[application/vnd.spring-boot.actuator.v2+json || application/json]}" onto public java.lang.Object org.springframework.boot.actuate.endpoint.web.servlet.AbstractWebMvcEndpointHandlerMapping$OperationHandler.handle(javax.servlet.http.HttpServletRequest,java.util.Map<java.lang.String, java.lang.String>)
2018-07-15 22:33:16.649  INFO 10984 --- [main] s.b.a.e.w.s.WebMvcEndpointHandlerMapping : Mapped "{[/actuator],methods=[GET],produces=[application/vnd.spring-boot.actuator.v2+json || application/json]}" onto protected java.util.Map<java.lang.String, java.util.Map<java.lang.String, org.springframework.boot.actuate.endpoint.web.Link>> org.springframework.boot.actuate.endpoint.web.servlet.WebMvcEndpointHandlerMapping.links(javax.servlet.http.HttpServletRequest,javax.servlet.http.HttpServletResponse)
2018-07-15 22:33:16.714  INFO 10984 --- [main] o.s.j.e.a.AnnotationMBeanExporter        : Registering beans for JMX exposure on startup
2018-07-15 22:33:16.724  INFO 10984 --- [main] o.s.j.e.a.AnnotationMBeanExporter        : Bean with name 'refreshScope' has been autodetected for JMX exposure
2018-07-15 22:33:16.725  INFO 10984 --- [main] o.s.j.e.a.AnnotationMBeanExporter        : Bean with name 'environmentManager' has been autodetected for JMX exposure
2018-07-15 22:33:16.727  INFO 10984 --- [main] o.s.j.e.a.AnnotationMBeanExporter        : Bean with name 'configurationPropertiesRebinder' has been autodetected for JMX exposure
2018-07-15 22:33:16.730  INFO 10984 --- [main] o.s.j.e.a.AnnotationMBeanExporter        : Located managed bean 'environmentManager': registering with JMX server as MBean [org.springframework.cloud.context.environment:name=environmentManager,type=EnvironmentManager]
2018-07-15 22:33:16.742  INFO 10984 --- [main] o.s.j.e.a.AnnotationMBeanExporter        : Located managed bean 'refreshScope': registering with JMX server as MBean [org.springframework.cloud.context.scope.refresh:name=refreshScope,type=RefreshScope]
2018-07-15 22:33:16.753  INFO 10984 --- [main] o.s.j.e.a.AnnotationMBeanExporter        : Located managed bean 'configurationPropertiesRebinder': registering with JMX server as MBean [org.springframework.cloud.context.properties:name=configurationPropertiesRebinder,context=a7f0ab6,type=ConfigurationPropertiesRebinder]
2018-07-15 22:33:16.766  INFO 10984 --- [main] o.s.c.support.DefaultLifecycleProcessor  : Starting beans in phase 0
2018-07-15 22:33:16.778  INFO 10984 --- [main] o.s.c.n.eureka.InstanceInfoFactory       : Setting initial instance status as: STARTING
2018-07-15 22:33:16.824  INFO 10984 --- [main] com.netflix.discovery.DiscoveryClient    : Initializing Eureka in region us-east-1
2018-07-15 22:33:16.899  INFO 10984 --- [main] c.n.d.provider.DiscoveryJerseyProvider   : Using JSON encoding codec LegacyJacksonJson
2018-07-15 22:33:16.899  INFO 10984 --- [main] c.n.d.provider.DiscoveryJerseyProvider   : Using JSON decoding codec LegacyJacksonJson
2018-07-15 22:33:17.050  INFO 10984 --- [main] c.n.d.provider.DiscoveryJerseyProvider   : Using XML encoding codec XStreamXml
2018-07-15 22:33:17.050  INFO 10984 --- [main] c.n.d.provider.DiscoveryJerseyProvider   : Using XML decoding codec XStreamXml
2018-07-15 22:33:17.228  INFO 10984 --- [main] c.n.d.s.r.aws.ConfigClusterResolver      : Resolving eureka endpoints via configuration
2018-07-15 22:33:17.263  INFO 10984 --- [main] com.netflix.discovery.DiscoveryClient    : Disable delta property : false
2018-07-15 22:33:17.263  INFO 10984 --- [main] com.netflix.discovery.DiscoveryClient    : Single vip registry refresh property : null
2018-07-15 22:33:17.263  INFO 10984 --- [main] com.netflix.discovery.DiscoveryClient    : Force full registry fetch : false
2018-07-15 22:33:17.263  INFO 10984 --- [main] com.netflix.discovery.DiscoveryClient    : Application is null : false
2018-07-15 22:33:17.263  INFO 10984 --- [main] com.netflix.discovery.DiscoveryClient    : Registered Applications size is zero : true
2018-07-15 22:33:17.263  INFO 10984 --- [main] com.netflix.discovery.DiscoveryClient    : Application version is -1: true
2018-07-15 22:33:17.263  INFO 10984 --- [main] com.netflix.discovery.DiscoveryClient    : Getting all instance registry info from the eureka server
2018-07-15 22:33:17.405  INFO 10984 --- [main] com.netflix.discovery.DiscoveryClient    : The response status is 200
2018-07-15 22:33:17.408  INFO 10984 --- [main] com.netflix.discovery.DiscoveryClient    : Starting heartbeat executor: renew interval is: 30
2018-07-15 22:33:17.411  INFO 10984 --- [main] c.n.discovery.InstanceInfoReplicator     : InstanceInfoReplicator onDemand update allowed rate per min is 4
2018-07-15 22:33:17.415  INFO 10984 --- [main] com.netflix.discovery.DiscoveryClient    : Discovery Client initialized at timestamp 1531665197414 with initial instances count: 2
2018-07-15 22:33:17.419  INFO 10984 --- [main] o.s.c.n.e.s.EurekaServiceRegistry        : Registering application admin-service with eureka with status UP
2018-07-15 22:33:17.420  INFO 10984 --- [main] com.netflix.discovery.DiscoveryClient    : Saw local status change event StatusChangeEvent [timestamp=1531665197419, current=UP, previous=STARTING]
2018-07-15 22:33:17.423  INFO 10984 --- [DiscoveryClient-InstanceInfoReplicator-0] com.netflix.discovery.DiscoveryClient    : DiscoveryClient_ADMIN-SERVICE/KJLMF3THGPLWQYP:admin-service:8884: registering service...
2018-07-15 22:33:17.464  INFO 10984 --- [DiscoveryClient-InstanceInfoReplicator-0] com.netflix.discovery.DiscoveryClient    : DiscoveryClient_ADMIN-SERVICE/KJLMF3THGPLWQYP:admin-service:8884 - registration status: 204
2018-07-15 22:33:17.697  INFO 10984 --- [main] o.s.b.w.embedded.tomcat.TomcatWebServer  : Tomcat started on port(s): 8884 (http) with context path ''
2018-07-15 22:33:17.698  INFO 10984 --- [main] .s.c.n.e.s.EurekaAutoServiceRegistration : Updating port to 8884
2018-07-15 22:33:17.701  INFO 10984 --- [main] c.e.adminserver.AdminserverApplication   : Started AdminserverApplication in 7.985 seconds (JVM running for 11.288)
2018-07-15 22:33:18.419  INFO 10984 --- [RMI TCP Connection(7)-127.0.0.1] o.a.c.c.C.[Tomcat].[localhost].[/]       : Initializing Spring FrameworkServlet 'dispatcherServlet'
2018-07-15 22:33:18.419  INFO 10984 --- [RMI TCP Connection(7)-127.0.0.1] o.s.web.servlet.DispatcherServlet        : FrameworkServlet 'dispatcherServlet': initialization started
2018-07-15 22:33:18.428  INFO 10984 --- [RMI TCP Connection(3)-127.0.0.1] c.c.c.ConfigServicePropertySourceLocator : Fetching config from server at : http://localhost:9998
2018-07-15 22:33:18.442  INFO 10984 --- [RMI TCP Connection(7)-127.0.0.1] o.s.web.servlet.DispatcherServlet        : FrameworkServlet 'dispatcherServlet': initialization completed in 23 ms
2018-07-15 22:33:18.529  INFO 10984 --- [RMI TCP Connection(3)-127.0.0.1] c.c.c.ConfigServicePropertySourceLocator : Located environment: name=admin-service, profiles=[pro], label=null, version=null, state=null
2018-07-15 22:38:17.266  INFO 10984 --- [AsyncResolver-bootstrap-executor-0] c.n.d.s.r.aws.ConfigClusterResolver      : Resolving eureka endpoints via configuration
2018-07-15 22:43:17.267  INFO 10984 --- [AsyncResolver-bootstrap-executor-0] c.n.d.s.r.aws.ConfigClusterResolver      : Resolving eureka endpoints via configuration
